<?xml version="1.0" encoding="UTF-8"?>
<!-- Generated by org.testng.reporters.JUnitXMLReporter -->
<testsuite ignored="0" hostname="INBL01LAP31001" failures="0" tests="3" name="Surefire test" time="52.064" errors="0" timestamp="2022-10-19T12:02:17 IST">
  <testcase classname="com.qa.testcases.LoginPageTest" name="LoginPageTitleTest" time="0.026"/>
  <testcase classname="com.qa.testcases.LoginPageTest" name="LoginTest" time="18.821"/>
  <testcase classname="com.qa.testcases.LoginPageTest" name="crmLoginTest" time="0.104"/>
</testsuite> <!-- Surefire test -->
