<?xml version="1.0" encoding="UTF-8"?>
<!-- Generated by org.testng.reporters.JUnitXMLReporter -->
<testsuite ignored="0" hostname="INBL01LAP31001" failures="0" tests="3" name="Surefire test" time="83.967" errors="0" timestamp="2022-10-21T13:16:55 IST">
  <testcase classname="com.qa.testcases.LoginPageTest" name="LoginPageTitleTest" time="0.02"/>
  <testcase classname="com.qa.testcases.LoginPageTest" name="crmLoginTest" time="0.068"/>
  <testcase classname="com.qa.testcases.LoginPageTest" name="LoginTest" time="16.901"/>
</testsuite> <!-- Surefire test -->
