<?xml version="1.0" encoding="UTF-8"?>
<testng-results ignored="0" total="3" passed="3" failed="0" skipped="0">
  <reporter-output>
  </reporter-output>
  <suite started-at="2022-10-21T13:15:31 IST" name="Surefire suite" finished-at="2022-10-21T13:16:55 IST" duration-ms="83967">
    <groups>
    </groups>
    <test started-at="2022-10-21T13:15:31 IST" name="Surefire test" finished-at="2022-10-21T13:16:55 IST" duration-ms="83967">
      <class name="com.qa.testcases.LoginPageTest">
        <test-method is-config="true" signature="SetUp()[pri:0, instance:com.qa.testcases.LoginPageTest@44a7bfbc]" started-at="2022-10-21T13:15:31 IST" name="SetUp" finished-at="2022-10-21T13:15:44 IST" duration-ms="13300" status="PASS">
          <reporter-output>
          </reporter-output>
        </test-method> <!-- SetUp -->
        <test-method signature="LoginPageTitleTest()[pri:1, instance:com.qa.testcases.LoginPageTest@44a7bfbc]" started-at="2022-10-21T13:15:44 IST" name="LoginPageTitleTest" finished-at="2022-10-21T13:15:44 IST" duration-ms="20" status="PASS">
          <reporter-output>
          </reporter-output>
        </test-method> <!-- LoginPageTitleTest -->
        <test-method is-config="true" signature="Teardown()[pri:0, instance:com.qa.testcases.LoginPageTest@44a7bfbc]" started-at="2022-10-21T13:15:44 IST" name="Teardown" finished-at="2022-10-21T13:15:44 IST" duration-ms="136" status="PASS">
          <reporter-output>
          </reporter-output>
        </test-method> <!-- Teardown -->
        <test-method is-config="true" signature="SetUp()[pri:0, instance:com.qa.testcases.LoginPageTest@44a7bfbc]" started-at="2022-10-21T13:15:44 IST" name="SetUp" finished-at="2022-10-21T13:15:55 IST" duration-ms="10600" status="PASS">
          <reporter-output>
          </reporter-output>
        </test-method> <!-- SetUp -->
        <test-method signature="crmLoginTest()[pri:2, instance:com.qa.testcases.LoginPageTest@44a7bfbc]" started-at="2022-10-21T13:15:55 IST" name="crmLoginTest" finished-at="2022-10-21T13:15:55 IST" duration-ms="68" status="PASS">
          <reporter-output>
          </reporter-output>
        </test-method> <!-- crmLoginTest -->
        <test-method is-config="true" signature="Teardown()[pri:0, instance:com.qa.testcases.LoginPageTest@44a7bfbc]" started-at="2022-10-21T13:15:55 IST" name="Teardown" finished-at="2022-10-21T13:16:11 IST" duration-ms="16268" status="PASS">
          <reporter-output>
          </reporter-output>
        </test-method> <!-- Teardown -->
        <test-method is-config="true" signature="SetUp()[pri:0, instance:com.qa.testcases.LoginPageTest@44a7bfbc]" started-at="2022-10-21T13:16:11 IST" name="SetUp" finished-at="2022-10-21T13:16:22 IST" duration-ms="10327" status="PASS">
          <reporter-output>
          </reporter-output>
        </test-method> <!-- SetUp -->
        <test-method signature="LoginTest()[pri:3, instance:com.qa.testcases.LoginPageTest@44a7bfbc]" started-at="2022-10-21T13:16:22 IST" name="LoginTest" finished-at="2022-10-21T13:16:39 IST" duration-ms="16901" status="PASS">
          <reporter-output>
          </reporter-output>
        </test-method> <!-- LoginTest -->
        <test-method is-config="true" signature="Teardown()[pri:0, instance:com.qa.testcases.LoginPageTest@44a7bfbc]" started-at="2022-10-21T13:16:39 IST" name="Teardown" finished-at="2022-10-21T13:16:55 IST" duration-ms="16275" status="PASS">
          <reporter-output>
          </reporter-output>
        </test-method> <!-- Teardown -->
      </class> <!-- com.qa.testcases.LoginPageTest -->
    </test> <!-- Surefire test -->
  </suite> <!-- Surefire suite -->
</testng-results>
