<?xml version="1.0" encoding="UTF-8"?>
<testng-results ignored="0" total="3" passed="3" failed="0" skipped="0">
  <reporter-output>
  </reporter-output>
  <suite started-at="2022-10-19T12:01:24 IST" name="Surefire suite" finished-at="2022-10-19T12:02:16 IST" duration-ms="52064">
    <groups>
    </groups>
    <test started-at="2022-10-19T12:01:24 IST" name="Surefire test" finished-at="2022-10-19T12:02:16 IST" duration-ms="52064">
      <class name="com.qa.testcases.LoginPageTest">
        <test-method is-config="true" signature="SetUp()[pri:0, instance:com.qa.testcases.LoginPageTest@55f616cf]" started-at="2022-10-19T12:01:24 IST" name="SetUp" finished-at="2022-10-19T12:01:37 IST" duration-ms="12141" status="PASS">
          <reporter-output>
          </reporter-output>
        </test-method> <!-- SetUp -->
        <test-method signature="LoginPageTitleTest()[pri:0, instance:com.qa.testcases.LoginPageTest@55f616cf]" started-at="2022-10-19T12:01:37 IST" name="LoginPageTitleTest" finished-at="2022-10-19T12:01:37 IST" duration-ms="26" status="PASS">
          <reporter-output>
          </reporter-output>
        </test-method> <!-- LoginPageTitleTest -->
        <test-method is-config="true" signature="Teardown()[pri:0, instance:com.qa.testcases.LoginPageTest@55f616cf]" started-at="2022-10-19T12:01:37 IST" name="Teardown" finished-at="2022-10-19T12:01:37 IST" duration-ms="189" status="PASS">
          <reporter-output>
          </reporter-output>
        </test-method> <!-- Teardown -->
        <test-method is-config="true" signature="SetUp()[pri:0, instance:com.qa.testcases.LoginPageTest@55f616cf]" started-at="2022-10-19T12:01:37 IST" name="SetUp" finished-at="2022-10-19T12:01:47 IST" duration-ms="10287" status="PASS">
          <reporter-output>
          </reporter-output>
        </test-method> <!-- SetUp -->
        <test-method signature="LoginTest()[pri:0, instance:com.qa.testcases.LoginPageTest@55f616cf]" started-at="2022-10-19T12:01:47 IST" name="LoginTest" finished-at="2022-10-19T12:02:06 IST" duration-ms="18821" status="PASS">
          <reporter-output>
          </reporter-output>
        </test-method> <!-- LoginTest -->
        <test-method is-config="true" signature="Teardown()[pri:0, instance:com.qa.testcases.LoginPageTest@55f616cf]" started-at="2022-10-19T12:02:06 IST" name="Teardown" finished-at="2022-10-19T12:02:06 IST" duration-ms="109" status="PASS">
          <reporter-output>
          </reporter-output>
        </test-method> <!-- Teardown -->
        <test-method is-config="true" signature="SetUp()[pri:0, instance:com.qa.testcases.LoginPageTest@55f616cf]" started-at="2022-10-19T12:02:06 IST" name="SetUp" finished-at="2022-10-19T12:02:16 IST" duration-ms="10165" status="PASS">
          <reporter-output>
          </reporter-output>
        </test-method> <!-- SetUp -->
        <test-method signature="crmLoginTest()[pri:0, instance:com.qa.testcases.LoginPageTest@55f616cf]" started-at="2022-10-19T12:02:16 IST" name="crmLoginTest" finished-at="2022-10-19T12:02:16 IST" duration-ms="104" status="PASS">
          <reporter-output>
          </reporter-output>
        </test-method> <!-- crmLoginTest -->
        <test-method is-config="true" signature="Teardown()[pri:0, instance:com.qa.testcases.LoginPageTest@55f616cf]" started-at="2022-10-19T12:02:16 IST" name="Teardown" finished-at="2022-10-19T12:02:16 IST" duration-ms="151" status="PASS">
          <reporter-output>
          </reporter-output>
        </test-method> <!-- Teardown -->
      </class> <!-- com.qa.testcases.LoginPageTest -->
    </test> <!-- Surefire test -->
  </suite> <!-- Surefire suite -->
</testng-results>
